e:\github\csteest\debug\vc142.pdb
e:\github\csteest\debug\vc142.idb
e:\github\csteest\debug\server.obj
e:\github\csteest\debug\client.obj
e:\github\csteest\debug\csteest.obj
e:\github\csteest\debug\csteest.pdb
e:\github\csteest\debug\csteest.tlog\cl.command.1.tlog
e:\github\csteest\debug\csteest.tlog\cl.read.1.tlog
e:\github\csteest\debug\csteest.tlog\cl.write.1.tlog
e:\github\csteest\debug\csteest.tlog\link-cvtres.read.1.tlog
e:\github\csteest\debug\csteest.tlog\link-cvtres.write.1.tlog
e:\github\csteest\debug\csteest.tlog\link-rc.read.1.tlog
e:\github\csteest\debug\csteest.tlog\link-rc.write.1.tlog
e:\github\csteest\debug\csteest.tlog\link.3200-cvtres.read.1.tlog
e:\github\csteest\debug\csteest.tlog\link.3200-cvtres.write.1.tlog
e:\github\csteest\debug\csteest.tlog\link.3200-rc.read.1.tlog
e:\github\csteest\debug\csteest.tlog\link.3200-rc.write.1.tlog
e:\github\csteest\debug\csteest.tlog\link.3200.read.1.tlog
e:\github\csteest\debug\csteest.tlog\link.3200.write.1.tlog
e:\github\csteest\debug\csteest.tlog\link.command.1.tlog
e:\github\csteest\debug\csteest.tlog\link.read.1.tlog
e:\github\csteest\debug\csteest.tlog\link.write.1.tlog
